19:17:56,750 DEBUG findTeacherById:145 : ==>  Preparing: select * from teacher where id=? 
19:17:56,891 DEBUG findTeacherById:145 : ==> Parameters: 111111(String)
19:17:56,912 DEBUG findTeacherById:145 : <==      Total: 1
19:17:56,914 DEBUG findTeacherById:145 : ==>  Preparing: select * from teacher where id=? 
19:17:56,915 DEBUG findTeacherById:145 : ==> Parameters: 111111(String)
19:17:56,916 DEBUG findTeacherById:145 : <==      Total: 1
19:17:56,929 DEBUG findTeacherById:145 : ==>  Preparing: select * from teacher where id=? 
19:17:56,930 DEBUG findTeacherById:145 : ==> Parameters: 111111(String)
19:17:56,931 DEBUG findTeacherById:145 : <==      Total: 1
19:17:56,932 DEBUG findSectionBy_TreacherId:145 : ==>  Preparing: SELECT * FROM section as s inner join course as c inner join teacher as t on s.courseid=c.courseid and s.teacherid=t.id and t.id=? 
19:17:56,940 DEBUG findSectionBy_TreacherId:145 : ==> Parameters: 111111(String)
19:17:56,943 DEBUG findSectionBy_TreacherId:145 : <==      Total: 2
19:17:59,148 DEBUG countAllCourse:145 : ==>  Preparing: SELECT count(*) FROM course 
19:17:59,148 DEBUG countAllCourse:145 : ==> Parameters: 
19:17:59,151 DEBUG countAllCourse:145 : <==      Total: 1
19:17:59,192 DEBUG findAll_COUNT:145 : ==>  Preparing: SELECT count(0) FROM course 
19:17:59,193 DEBUG findAll_COUNT:145 : ==> Parameters: 
19:17:59,194 DEBUG findAll_COUNT:145 : <==      Total: 1
19:17:59,196 DEBUG findAll:145 : ==>  Preparing: select * from course ORDER BY courseid asc LIMIT 3 
19:17:59,197 DEBUG findAll:145 : ==> Parameters: 
19:17:59,199 DEBUG findAll:145 : <==      Total: 3
19:18:00,930 DEBUG findSectionByCourseId:145 : ==>  Preparing: SELECT * FROM section as s inner join (select * from Course where courseid=?) as c inner join teacher as t on s.courseid=c.courseid 
19:18:00,932 DEBUG findSectionByCourseId:145 : ==> Parameters: ABC-101(String)
19:18:00,935 DEBUG findSectionByCourseId:145 : <==      Total: 3
19:21:24,653 DEBUG addCourse:145 : ==>  Preparing: INSERT INTO course(courseid,courseName,credits) VALUES(?,?,?) 
19:21:24,671 DEBUG addCourse:145 : ==> Parameters: ABC-104(String), 大学英语（上）(String), 3.0(Double)
19:21:24,750 DEBUG addCourse:145 : <==    Updates: 1
19:21:24,754 DEBUG addPreCourse:145 : ==>  Preparing: INSERT INTO precourse(courseid,precourseId) VALUES(?,? 
19:23:30,456 DEBUG addCourse:145 : ==>  Preparing: INSERT INTO course(courseid,courseName,credits) VALUES(?,?,?) 
19:23:30,469 DEBUG addCourse:145 : ==> Parameters: ABC-104(String), 大学英语（上）(String), 3.0(Double)
19:23:30,542 DEBUG addCourse:145 : <==    Updates: 1
19:23:30,544 DEBUG addPreCourse:145 : ==>  Preparing: INSERT INTO precourse(courseid,precourseId) VALUES(?,?) 
19:23:30,545 DEBUG addPreCourse:145 : ==> Parameters: ABC-104(String), [](String)
19:23:30,625 DEBUG addPreCourse:145 : <==    Updates: 1
19:23:30,662 DEBUG countAllCourse:145 : ==>  Preparing: SELECT count(*) FROM course 
19:23:30,665 DEBUG countAllCourse:145 : ==> Parameters: 
19:23:30,682 DEBUG countAllCourse:145 : <==      Total: 1
19:23:30,729 DEBUG findAll_COUNT:145 : ==>  Preparing: SELECT count(0) FROM course 
19:23:30,730 DEBUG findAll_COUNT:145 : ==> Parameters: 
19:23:30,735 DEBUG findAll_COUNT:145 : <==      Total: 1
19:23:30,737 DEBUG findAll:145 : ==>  Preparing: select * from course ORDER BY courseid asc LIMIT 3 
19:23:30,738 DEBUG findAll:145 : ==> Parameters: 
19:23:30,739 DEBUG findAll:145 : <==      Total: 3
19:23:47,963 DEBUG countAllCourse:145 : ==>  Preparing: SELECT count(*) FROM course 
19:23:47,964 DEBUG countAllCourse:145 : ==> Parameters: 
19:23:47,965 DEBUG countAllCourse:145 : <==      Total: 1
19:23:47,968 DEBUG findAll_COUNT:145 : ==>  Preparing: SELECT count(0) FROM course 
19:23:47,969 DEBUG findAll_COUNT:145 : ==> Parameters: 
19:23:47,971 DEBUG findAll_COUNT:145 : <==      Total: 1
19:23:47,972 DEBUG findAll:145 : ==>  Preparing: select * from course ORDER BY courseid asc LIMIT 3 
19:23:47,973 DEBUG findAll:145 : ==> Parameters: 
19:23:47,974 DEBUG findAll:145 : <==      Total: 3
19:23:57,402 DEBUG countAllCourse:145 : ==>  Preparing: SELECT count(*) FROM course 
19:23:57,403 DEBUG countAllCourse:145 : ==> Parameters: 
19:23:57,405 DEBUG countAllCourse:145 : <==      Total: 1
19:23:57,407 DEBUG findAll_COUNT:145 : ==>  Preparing: SELECT count(0) FROM course 
19:23:57,407 DEBUG findAll_COUNT:145 : ==> Parameters: 
19:23:57,410 DEBUG findAll_COUNT:145 : <==      Total: 1
19:23:57,412 DEBUG findAll:145 : ==>  Preparing: select * from course ORDER BY courseid asc LIMIT 3,3 
19:23:57,413 DEBUG findAll:145 : ==> Parameters: 
19:23:57,414 DEBUG findAll:145 : <==      Total: 1
19:23:58,671 DEBUG countAllCourse:145 : ==>  Preparing: SELECT count(*) FROM course 
19:23:58,672 DEBUG countAllCourse:145 : ==> Parameters: 
19:23:58,674 DEBUG countAllCourse:145 : <==      Total: 1
19:23:58,679 DEBUG findAll_COUNT:145 : ==>  Preparing: SELECT count(0) FROM course 
19:23:58,689 DEBUG findAll_COUNT:145 : ==> Parameters: 
19:23:58,690 DEBUG findAll_COUNT:145 : <==      Total: 1
19:23:58,692 DEBUG findAll:145 : ==>  Preparing: select * from course ORDER BY courseid asc LIMIT 3 
19:23:58,692 DEBUG findAll:145 : ==> Parameters: 
19:23:58,695 DEBUG findAll:145 : <==      Total: 3
19:24:25,802 DEBUG addCourse:145 : ==>  Preparing: INSERT INTO course(courseid,courseName,credits) VALUES(?,?,?) 
19:24:25,803 DEBUG addCourse:145 : ==> Parameters: ABC-105(String), 大学英语（下）(String), 3.0(Double)
19:24:25,912 DEBUG addCourse:145 : <==    Updates: 1
19:24:25,913 DEBUG addPreCourse:145 : ==>  Preparing: INSERT INTO precourse(courseid,precourseId) VALUES(?,?) 
19:24:25,914 DEBUG addPreCourse:145 : ==> Parameters: ABC-105(String), [](String)
19:24:25,987 DEBUG addPreCourse:145 : <==    Updates: 1
19:24:26,012 DEBUG countAllCourse:145 : ==>  Preparing: SELECT count(*) FROM course 
19:24:26,013 DEBUG countAllCourse:145 : ==> Parameters: 
19:24:26,015 DEBUG countAllCourse:145 : <==      Total: 1
19:24:26,018 DEBUG findAll_COUNT:145 : ==>  Preparing: SELECT count(0) FROM course 
19:24:26,023 DEBUG findAll_COUNT:145 : ==> Parameters: 
19:24:26,024 DEBUG findAll_COUNT:145 : <==      Total: 1
19:24:26,026 DEBUG findAll:145 : ==>  Preparing: select * from course ORDER BY courseid asc LIMIT 3 
19:24:26,027 DEBUG findAll:145 : ==> Parameters: 
19:24:26,029 DEBUG findAll:145 : <==      Total: 3
19:26:43,584 DEBUG addCourse:145 : ==>  Preparing: INSERT INTO course(courseid,courseName,credits) VALUES(?,?,?) 
19:26:43,596 DEBUG addCourse:145 : ==> Parameters: ABC-105(String), 大学英语（下）(String), 3.0(Double)
19:26:43,671 DEBUG addCourse:145 : <==    Updates: 1
19:26:43,675 DEBUG addPreCourse:145 : ==>  Preparing: INSERT INTO precourse(courseid,precourseId) VALUES(?,?) 
19:26:43,675 DEBUG addPreCourse:145 : ==> Parameters: ABC-105(String), ABC-105(String)
19:26:43,738 DEBUG addPreCourse:145 : <==    Updates: 1
19:26:43,739 DEBUG addPreCourse:145 : ==>  Preparing: INSERT INTO precourse(courseid,precourseId) VALUES(?,?) 
19:26:43,740 DEBUG addPreCourse:145 : ==> Parameters: ABC-105(String), (String)
19:26:43,814 DEBUG addPreCourse:145 : <==    Updates: 1
19:26:43,839 DEBUG countAllCourse:145 : ==>  Preparing: SELECT count(*) FROM course 
19:26:43,844 DEBUG countAllCourse:145 : ==> Parameters: 
19:26:43,858 DEBUG countAllCourse:145 : <==      Total: 1
19:26:43,912 DEBUG findAll_COUNT:145 : ==>  Preparing: SELECT count(0) FROM course 
19:26:43,915 DEBUG findAll_COUNT:145 : ==> Parameters: 
19:26:43,918 DEBUG findAll_COUNT:145 : <==      Total: 1
19:26:43,919 DEBUG findAll:145 : ==>  Preparing: select * from course ORDER BY courseid asc LIMIT 3 
19:26:43,920 DEBUG findAll:145 : ==> Parameters: 
19:26:43,922 DEBUG findAll:145 : <==      Total: 3
19:30:17,753 DEBUG addCourse:145 : ==>  Preparing: INSERT INTO course(courseid,courseName,credits) VALUES(?,?,?) 
19:30:17,767 DEBUG addCourse:145 : ==> Parameters: ABC-105(String), 大学英语（下）(String), 3.0(Double)
19:30:17,854 DEBUG addCourse:145 : <==    Updates: 1
19:30:17,857 DEBUG addPreCourse:145 : ==>  Preparing: INSERT INTO precourse(courseid,precourseId) VALUES(?,?) 
19:30:17,858 DEBUG addPreCourse:145 : ==> Parameters: ABC-105(String), ABC-105(String)
19:30:17,929 DEBUG addPreCourse:145 : <==    Updates: 1
19:30:17,930 DEBUG addPreCourse:145 : ==>  Preparing: INSERT INTO precourse(courseid,precourseId) VALUES(?,?) 
19:30:17,931 DEBUG addPreCourse:145 : ==> Parameters: ABC-105(String), (String)
19:30:18,028 DEBUG addPreCourse:145 : <==    Updates: 1
19:30:18,047 DEBUG countAllCourse:145 : ==>  Preparing: SELECT count(*) FROM course 
19:30:18,049 DEBUG countAllCourse:145 : ==> Parameters: 
19:30:18,064 DEBUG countAllCourse:145 : <==      Total: 1
19:30:18,114 DEBUG findAll_COUNT:145 : ==>  Preparing: SELECT count(0) FROM course 
19:30:18,115 DEBUG findAll_COUNT:145 : ==> Parameters: 
19:30:18,116 DEBUG findAll_COUNT:145 : <==      Total: 1
19:30:18,118 DEBUG findAll:145 : ==>  Preparing: select * from course ORDER BY courseid asc LIMIT 3 
19:30:18,118 DEBUG findAll:145 : ==> Parameters: 
19:30:18,120 DEBUG findAll:145 : <==      Total: 3
19:30:37,889 DEBUG addCourse:145 : ==>  Preparing: INSERT INTO course(courseid,courseName,credits) VALUES(?,?,?) 
19:30:37,890 DEBUG addCourse:145 : ==> Parameters: ABC-105(String), 大学英语（下）(String), 3.0(Double)
19:30:37,963 DEBUG addCourse:145 : <==    Updates: 1
19:30:37,964 DEBUG addPreCourse:145 : ==>  Preparing: INSERT INTO precourse(courseid,precourseId) VALUES(?,?) 
19:30:37,965 DEBUG addPreCourse:145 : ==> Parameters: ABC-105(String), ABC-104(String)
19:30:38,039 DEBUG addPreCourse:145 : <==    Updates: 1
19:30:38,040 DEBUG addPreCourse:145 : ==>  Preparing: INSERT INTO precourse(courseid,precourseId) VALUES(?,?) 
19:30:38,040 DEBUG addPreCourse:145 : ==> Parameters: ABC-105(String), (String)
19:30:38,113 DEBUG addPreCourse:145 : <==    Updates: 1
19:30:38,132 DEBUG countAllCourse:145 : ==>  Preparing: SELECT count(*) FROM course 
19:30:38,133 DEBUG countAllCourse:145 : ==> Parameters: 
19:30:38,133 DEBUG countAllCourse:145 : <==      Total: 1
19:30:38,135 DEBUG findAll_COUNT:145 : ==>  Preparing: SELECT count(0) FROM course 
19:30:38,136 DEBUG findAll_COUNT:145 : ==> Parameters: 
19:30:38,138 DEBUG findAll_COUNT:145 : <==      Total: 1
19:30:38,139 DEBUG findAll:145 : ==>  Preparing: select * from course ORDER BY courseid asc LIMIT 3 
19:30:38,140 DEBUG findAll:145 : ==> Parameters: 
19:30:38,142 DEBUG findAll:145 : <==      Total: 3
19:31:48,063 DEBUG countAllCourse:145 : ==>  Preparing: SELECT count(*) FROM course 
19:31:48,081 DEBUG countAllCourse:145 : ==> Parameters: 
19:31:48,085 DEBUG countAllCourse:145 : <==      Total: 1
19:31:48,088 DEBUG findAll_COUNT:145 : ==>  Preparing: SELECT count(0) FROM course 
19:31:48,090 DEBUG findAll_COUNT:145 : ==> Parameters: 
19:31:48,091 DEBUG findAll_COUNT:145 : <==      Total: 1
19:31:48,093 DEBUG findAll:145 : ==>  Preparing: select * from course ORDER BY courseid asc LIMIT 3 
19:31:48,094 DEBUG findAll:145 : ==> Parameters: 
19:31:48,095 DEBUG findAll:145 : <==      Total: 3
19:31:55,420 DEBUG findSectionByCourseId:145 : ==>  Preparing: SELECT * FROM section as s inner join (select * from Course where courseid=?) as c inner join teacher as t on s.courseid=c.courseid 
19:31:55,421 DEBUG findSectionByCourseId:145 : ==> Parameters: ABC-101(String)
19:31:55,424 DEBUG findSectionByCourseId:145 : <==      Total: 3
19:32:37,103 DEBUG addSection:145 : ==>  Preparing: INSERT INTO section(sectionid,courseid,teacherid,dayofweek,timeofday,room,seatingcapacity) VALUES(?,?,?,?, ?,?,?) 
19:32:37,103 DEBUG addSection:145 : ==> Parameters: 3(Integer), ABC-101(String), null, M(String), 14：00-16:00(String), B2B203(String), 30(Integer)
19:32:37,188 DEBUG addSection:145 : <==    Updates: 1
19:32:37,189 DEBUG addSchedule:145 : ==>  Preparing: INSERT INTO scheduleofclasses(courseid,sectionid,semester) VALUES(?,?,?}) 
19:36:10,536 DEBUG addSection:145 : ==>  Preparing: INSERT INTO section(sectionid,courseid,teacherid,dayofweek,timeofday,room,seatingcapacity) VALUES(?,?,?,?, ?,?,?) 
19:36:10,548 DEBUG addSection:145 : ==> Parameters: 4(Integer), ABC-101(String), null, M(String), 14：00-16:00(String), B2B203(String), 30(Integer)
19:36:10,629 DEBUG addSection:145 : <==    Updates: 1
19:36:10,632 DEBUG addSchedule:145 : ==>  Preparing: INSERT INTO scheduleofclasses(courseid,sectionid,semester) VALUES(?,?,?}) 
19:38:46,320 DEBUG addSection:145 : ==>  Preparing: INSERT INTO section(sectionid,courseid,teacherid,dayofweek,timeofday,room,seatingcapacity) VALUES(?,?,?,?, ?,?,?) 
19:38:46,333 DEBUG addSection:145 : ==> Parameters: 4(Integer), ABC-101(String), null, M(String), 14：00-16:00(String), B2B203(String), 30(Integer)
19:38:46,423 DEBUG addSection:145 : <==    Updates: 1
19:38:46,426 DEBUG addSchedule:145 : ==>  Preparing: INSERT INTO scheduleofclasses(courseid,sectionid,semester) VALUES(?,?,?) 
19:38:46,426 DEBUG addSchedule:145 : ==> Parameters: ABC-101(String), 4(Integer), 1(String)
19:38:46,506 DEBUG addSchedule:145 : <==    Updates: 1
19:38:46,530 DEBUG countAllCourse:145 : ==>  Preparing: SELECT count(*) FROM course 
19:38:46,531 DEBUG countAllCourse:145 : ==> Parameters: 
19:38:46,544 DEBUG countAllCourse:145 : <==      Total: 1
19:38:46,594 DEBUG findAll_COUNT:145 : ==>  Preparing: SELECT count(0) FROM course 
19:38:46,594 DEBUG findAll_COUNT:145 : ==> Parameters: 
19:38:46,596 DEBUG findAll_COUNT:145 : <==      Total: 1
19:38:46,597 DEBUG findAll:145 : ==>  Preparing: select * from course ORDER BY courseid asc LIMIT 3 
19:38:46,597 DEBUG findAll:145 : ==> Parameters: 
19:38:46,598 DEBUG findAll:145 : <==      Total: 3
19:38:49,398 DEBUG findSectionByCourseId:145 : ==>  Preparing: SELECT * FROM section as s inner join (select * from Course where courseid=?) as c inner join teacher as t on s.courseid=c.courseid 
19:38:49,400 DEBUG findSectionByCourseId:145 : ==> Parameters: ABC-101(String)
19:38:49,403 DEBUG findSectionByCourseId:145 : <==      Total: 4
19:49:24,846 DEBUG findSectionByCourseId:145 : ==>  Preparing: SELECT * FROM section as s inner join (select * from Course where courseid=?) as c on s.courseid=c.courseid left join teacher as t on s.teacherid=t.id 
19:49:24,846 DEBUG findSectionByCourseId:145 : ==>  Preparing: SELECT * FROM section as s inner join (select * from Course where courseid=?) as c on s.courseid=c.courseid left join teacher as t on s.teacherid=t.id 
19:49:24,867 DEBUG findSectionByCourseId:145 : ==> Parameters: ABC-101(String)
19:49:24,867 DEBUG findSectionByCourseId:145 : ==> Parameters: ABC-101(String)
19:49:24,883 DEBUG findSectionByCourseId:145 : <==      Total: 4
19:49:24,888 DEBUG findSectionByCourseId:145 : <==      Total: 4
19:51:05,665 DEBUG countAllCourse:145 : ==>  Preparing: SELECT count(*) FROM course 
19:51:05,666 DEBUG countAllCourse:145 : ==> Parameters: 
19:51:05,667 DEBUG countAllCourse:145 : <==      Total: 1
19:51:05,730 DEBUG findAll_COUNT:145 : ==>  Preparing: SELECT count(0) FROM course 
19:51:05,731 DEBUG findAll_COUNT:145 : ==> Parameters: 
19:51:05,732 DEBUG findAll_COUNT:145 : <==      Total: 1
19:51:05,734 DEBUG findAll:145 : ==>  Preparing: select * from course ORDER BY courseid asc LIMIT 3 
19:51:05,735 DEBUG findAll:145 : ==> Parameters: 
19:51:05,736 DEBUG findAll:145 : <==      Total: 3
19:51:07,802 DEBUG countAllCourse:145 : ==>  Preparing: SELECT count(*) FROM course 
19:51:07,803 DEBUG countAllCourse:145 : ==> Parameters: 
19:51:07,804 DEBUG countAllCourse:145 : <==      Total: 1
19:51:07,805 DEBUG findAll_COUNT:145 : ==>  Preparing: SELECT count(0) FROM course 
19:51:07,806 DEBUG findAll_COUNT:145 : ==> Parameters: 
19:51:07,810 DEBUG findAll_COUNT:145 : <==      Total: 1
19:51:07,811 DEBUG findAll:145 : ==>  Preparing: select * from course ORDER BY courseid asc LIMIT 3 
19:51:07,813 DEBUG findAll:145 : ==> Parameters: 
19:51:07,815 DEBUG findAll:145 : <==      Total: 3
19:51:08,788 DEBUG findSectionByCourseId:145 : ==>  Preparing: SELECT * FROM section as s inner join (select * from Course where courseid=?) as c on s.courseid=c.courseid left join teacher as t on s.teacherid=t.id 
19:51:08,788 DEBUG findSectionByCourseId:145 : ==> Parameters: ABC-101(String)
19:51:08,793 DEBUG findSectionByCourseId:145 : <==      Total: 4
19:51:30,715 DEBUG findTeacherById:145 : ==>  Preparing: select * from teacher where id=? 
19:51:30,716 DEBUG findTeacherById:145 : ==> Parameters: 111111(String)
19:51:30,717 DEBUG findTeacherById:145 : <==      Total: 1
19:51:30,718 DEBUG findTeacherById:145 : ==>  Preparing: select * from teacher where id=? 
19:51:30,719 DEBUG findTeacherById:145 : ==> Parameters: 111111(String)
19:51:30,719 DEBUG findTeacherById:145 : <==      Total: 1
19:51:30,721 DEBUG findTeacherById:145 : ==>  Preparing: select * from teacher where id=? 
19:51:30,722 DEBUG findTeacherById:145 : ==> Parameters: 111111(String)
19:51:30,723 DEBUG findTeacherById:145 : <==      Total: 1
19:51:30,726 DEBUG findSectionBy_TreacherId:145 : ==>  Preparing: SELECT * FROM section as s inner join course as c inner join teacher as t on s.courseid=c.courseid and s.teacherid=t.id and t.id=? 
19:51:30,726 DEBUG findSectionBy_TreacherId:145 : ==> Parameters: 111111(String)
19:51:30,730 DEBUG findSectionBy_TreacherId:145 : <==      Total: 2
19:51:32,385 DEBUG countAllCourse:145 : ==>  Preparing: SELECT count(*) FROM course 
19:51:32,385 DEBUG countAllCourse:145 : ==> Parameters: 
19:51:32,386 DEBUG countAllCourse:145 : <==      Total: 1
19:51:32,387 DEBUG findAll_COUNT:145 : ==>  Preparing: SELECT count(0) FROM course 
19:51:32,388 DEBUG findAll_COUNT:145 : ==> Parameters: 
19:51:32,389 DEBUG findAll_COUNT:145 : <==      Total: 1
19:51:32,389 DEBUG findAll:145 : ==>  Preparing: select * from course ORDER BY courseid asc LIMIT 3 
19:51:32,390 DEBUG findAll:145 : ==> Parameters: 
19:51:32,392 DEBUG findAll:145 : <==      Total: 3
19:51:34,480 DEBUG findSectionByCourseId:145 : ==>  Preparing: SELECT * FROM section as s inner join (select * from Course where courseid=?) as c on s.courseid=c.courseid left join teacher as t on s.teacherid=t.id 
19:51:34,481 DEBUG findSectionByCourseId:145 : ==> Parameters: ABC-101(String)
19:51:34,484 DEBUG findSectionByCourseId:145 : <==      Total: 4
19:52:48,301 DEBUG countAllCourse:145 : ==>  Preparing: SELECT count(*) FROM course 
19:52:48,301 DEBUG countAllCourse:145 : ==> Parameters: 
19:52:48,302 DEBUG countAllCourse:145 : <==      Total: 1
19:52:48,305 DEBUG findAll_COUNT:145 : ==>  Preparing: SELECT count(0) FROM course 
19:52:48,305 DEBUG findAll_COUNT:145 : ==> Parameters: 
19:52:48,306 DEBUG findAll_COUNT:145 : <==      Total: 1
19:52:48,307 DEBUG findAll:145 : ==>  Preparing: select * from course ORDER BY courseid asc LIMIT 3 
19:52:48,307 DEBUG findAll:145 : ==> Parameters: 
19:52:48,308 DEBUG findAll:145 : <==      Total: 3
19:52:50,711 DEBUG findSectionByCourseId:145 : ==>  Preparing: SELECT * FROM section as s inner join (select * from Course where courseid=?) as c on s.courseid=c.courseid left join teacher as t on s.teacherid=t.id 
19:52:50,712 DEBUG findSectionByCourseId:145 : ==> Parameters: ABC-101(String)
19:52:50,714 DEBUG findSectionByCourseId:145 : <==      Total: 4
19:53:15,585 DEBUG countAllCourse:145 : ==>  Preparing: SELECT count(*) FROM course 
19:53:15,587 DEBUG countAllCourse:145 : ==> Parameters: 
19:53:15,590 DEBUG countAllCourse:145 : <==      Total: 1
19:53:15,592 DEBUG findAll_COUNT:145 : ==>  Preparing: SELECT count(0) FROM course 
19:53:15,593 DEBUG findAll_COUNT:145 : ==> Parameters: 
19:53:15,594 DEBUG findAll_COUNT:145 : <==      Total: 1
19:53:15,596 DEBUG findAll:145 : ==>  Preparing: select * from course ORDER BY courseid asc LIMIT 3 
19:53:15,597 DEBUG findAll:145 : ==> Parameters: 
19:53:15,599 DEBUG findAll:145 : <==      Total: 3
19:53:18,234 DEBUG findSectionByCourseId:145 : ==>  Preparing: SELECT * FROM section as s inner join (select * from Course where courseid=?) as c on s.courseid=c.courseid left join teacher as t on s.teacherid=t.id 
19:53:18,235 DEBUG findSectionByCourseId:145 : ==> Parameters: ABC-101(String)
19:53:18,237 DEBUG findSectionByCourseId:145 : <==      Total: 4
19:53:30,070 DEBUG countAllCourse:145 : ==>  Preparing: SELECT count(*) FROM course 
19:53:30,071 DEBUG countAllCourse:145 : ==> Parameters: 
19:53:30,072 DEBUG countAllCourse:145 : <==      Total: 1
19:53:30,073 DEBUG findAll_COUNT:145 : ==>  Preparing: SELECT count(0) FROM course 
19:53:30,074 DEBUG findAll_COUNT:145 : ==> Parameters: 
19:53:30,075 DEBUG findAll_COUNT:145 : <==      Total: 1
19:53:30,076 DEBUG findAll:145 : ==>  Preparing: select * from course ORDER BY courseid asc LIMIT 3 
19:53:30,076 DEBUG findAll:145 : ==> Parameters: 
19:53:30,078 DEBUG findAll:145 : <==      Total: 3
19:53:31,597 DEBUG findSectionByCourseId:145 : ==>  Preparing: SELECT * FROM section as s inner join (select * from Course where courseid=?) as c on s.courseid=c.courseid left join teacher as t on s.teacherid=t.id 
19:53:31,598 DEBUG findSectionByCourseId:145 : ==> Parameters: ABC-101(String)
19:53:31,600 DEBUG findSectionByCourseId:145 : <==      Total: 4
19:53:32,939 DEBUG findSectionByCourseId:145 : ==>  Preparing: SELECT * FROM section as s inner join (select * from Course where courseid=?) as c on s.courseid=c.courseid left join teacher as t on s.teacherid=t.id 
19:53:32,939 DEBUG findSectionByCourseId:145 : ==> Parameters: ABC-101(String)
19:53:32,940 DEBUG findSectionByCourseId:145 : <==      Total: 4
19:53:34,540 DEBUG findSectionByCourseId:145 : ==>  Preparing: SELECT * FROM section as s inner join (select * from Course where courseid=?) as c on s.courseid=c.courseid left join teacher as t on s.teacherid=t.id 
19:53:34,541 DEBUG findSectionByCourseId:145 : ==> Parameters: ABC-101(String)
19:53:34,542 DEBUG findSectionByCourseId:145 : <==      Total: 4
19:53:37,769 DEBUG findSectionByCourseId:145 : ==>  Preparing: SELECT * FROM section as s inner join (select * from Course where courseid=?) as c on s.courseid=c.courseid left join teacher as t on s.teacherid=t.id 
19:53:37,770 DEBUG findSectionByCourseId:145 : ==> Parameters: ABC-101(String)
19:53:37,772 DEBUG findSectionByCourseId:145 : <==      Total: 4
20:08:57,517 DEBUG findTeacherById:145 : ==>  Preparing: select * from teacher where id=? 
20:08:57,549 DEBUG findTeacherById:145 : ==> Parameters: 111111(String)
20:08:57,572 DEBUG findTeacherById:145 : <==      Total: 1
20:08:57,577 DEBUG findTeacherById:145 : ==>  Preparing: select * from teacher where id=? 
20:08:57,579 DEBUG findTeacherById:145 : ==> Parameters: 111111(String)
20:08:57,580 DEBUG findTeacherById:145 : <==      Total: 1
20:08:57,583 DEBUG findTeacherById:145 : ==>  Preparing: select * from teacher where id=? 
20:08:57,584 DEBUG findTeacherById:145 : ==> Parameters: 111111(String)
20:08:57,585 DEBUG findTeacherById:145 : <==      Total: 1
20:08:57,587 DEBUG findSectionBy_TreacherId:145 : ==>  Preparing: SELECT * FROM section as s inner join course as c inner join teacher as t on s.courseid=c.courseid and s.teacherid=t.id and t.id=? 
20:08:57,588 DEBUG findSectionBy_TreacherId:145 : ==> Parameters: 111111(String)
20:08:57,593 DEBUG findSectionBy_TreacherId:145 : <==      Total: 2
20:09:58,244 DEBUG countAllCourse:145 : ==>  Preparing: SELECT count(*) FROM course 
20:09:58,246 DEBUG countAllCourse:145 : ==> Parameters: 
20:09:58,248 DEBUG countAllCourse:145 : <==      Total: 1
20:09:58,304 DEBUG findAll_COUNT:145 : ==>  Preparing: SELECT count(0) FROM course 
20:09:58,306 DEBUG findAll_COUNT:145 : ==> Parameters: 
20:09:58,319 DEBUG findAll_COUNT:145 : <==      Total: 1
20:09:58,322 DEBUG findAll:145 : ==>  Preparing: select * from course ORDER BY courseid asc LIMIT 3 
20:09:58,323 DEBUG findAll:145 : ==> Parameters: 
20:09:58,326 DEBUG findAll:145 : <==      Total: 3
20:10:03,535 DEBUG findSectionByCourseId:145 : ==>  Preparing: SELECT * FROM section as s inner join (select * from Course where courseid=?) as c on s.courseid=c.courseid left join teacher as t on s.teacherid=t.id 
20:10:03,536 DEBUG findSectionByCourseId:145 : ==> Parameters: ABC-101(String)
20:10:03,538 DEBUG findSectionByCourseId:145 : <==      Total: 4
20:11:37,878 DEBUG countAllCourse:145 : ==>  Preparing: SELECT count(*) FROM course 
20:11:37,879 DEBUG countAllCourse:145 : ==> Parameters: 
20:11:37,880 DEBUG countAllCourse:145 : <==      Total: 1
20:11:37,882 DEBUG findAll_COUNT:145 : ==>  Preparing: SELECT count(0) FROM course 
20:11:37,882 DEBUG findAll_COUNT:145 : ==> Parameters: 
20:11:37,885 DEBUG findAll_COUNT:145 : <==      Total: 1
20:11:37,886 DEBUG findAll:145 : ==>  Preparing: select * from course ORDER BY courseid asc LIMIT 3 
20:11:37,888 DEBUG findAll:145 : ==> Parameters: 
20:11:37,889 DEBUG findAll:145 : <==      Total: 3
20:11:39,530 DEBUG findSectionByCourseId:145 : ==>  Preparing: SELECT * FROM section as s inner join (select * from Course where courseid=?) as c on s.courseid=c.courseid left join teacher as t on s.teacherid=t.id 
20:11:39,532 DEBUG findSectionByCourseId:145 : ==> Parameters: ABC-101(String)
20:11:39,539 DEBUG findSectionByCourseId:145 : <==      Total: 4
20:13:13,678 DEBUG countAllCourse:145 : ==>  Preparing: SELECT count(*) FROM course 
20:13:13,679 DEBUG countAllCourse:145 : ==> Parameters: 
20:13:13,680 DEBUG countAllCourse:145 : <==      Total: 1
20:13:13,681 DEBUG findAll_COUNT:145 : ==>  Preparing: SELECT count(0) FROM course 
20:13:13,682 DEBUG findAll_COUNT:145 : ==> Parameters: 
20:13:13,683 DEBUG findAll_COUNT:145 : <==      Total: 1
20:13:13,684 DEBUG findAll:145 : ==>  Preparing: select * from course ORDER BY courseid asc LIMIT 3 
20:13:13,685 DEBUG findAll:145 : ==> Parameters: 
20:13:13,686 DEBUG findAll:145 : <==      Total: 3
20:13:15,620 DEBUG findSectionByCourseId:145 : ==>  Preparing: SELECT * FROM section as s inner join (select * from Course where courseid=?) as c on s.courseid=c.courseid left join teacher as t on s.teacherid=t.id 
20:13:15,622 DEBUG findSectionByCourseId:145 : ==> Parameters: ABC-101(String)
20:13:15,627 DEBUG findSectionByCourseId:145 : <==      Total: 4
20:14:20,657 DEBUG countAllCourse:145 : ==>  Preparing: SELECT count(*) FROM course 
20:14:20,659 DEBUG countAllCourse:145 : ==> Parameters: 
20:14:20,660 DEBUG countAllCourse:145 : <==      Total: 1
20:14:20,662 DEBUG findAll_COUNT:145 : ==>  Preparing: SELECT count(0) FROM course 
20:14:20,664 DEBUG findAll_COUNT:145 : ==> Parameters: 
20:14:20,666 DEBUG findAll_COUNT:145 : <==      Total: 1
20:14:20,667 DEBUG findAll:145 : ==>  Preparing: select * from course ORDER BY courseid asc LIMIT 3 
20:14:20,667 DEBUG findAll:145 : ==> Parameters: 
20:14:20,669 DEBUG findAll:145 : <==      Total: 3
20:14:22,111 DEBUG findSectionByCourseId:145 : ==>  Preparing: SELECT * FROM section as s inner join (select * from Course where courseid=?) as c on s.courseid=c.courseid left join teacher as t on s.teacherid=t.id 
20:14:22,111 DEBUG findSectionByCourseId:145 : ==> Parameters: ABC-101(String)
20:14:22,115 DEBUG findSectionByCourseId:145 : <==      Total: 4
20:19:10,658 DEBUG findTeacherById:145 : ==>  Preparing: select * from teacher where id=? 
20:19:10,672 DEBUG findTeacherById:145 : ==> Parameters: 111111(String)
20:19:10,682 DEBUG findTeacherById:145 : <==      Total: 1
20:19:10,684 DEBUG findTeacherById:145 : ==>  Preparing: select * from teacher where id=? 
20:19:10,685 DEBUG findTeacherById:145 : ==> Parameters: 111111(String)
20:19:10,686 DEBUG findTeacherById:145 : <==      Total: 1
20:19:10,687 DEBUG findTeacherById:145 : ==>  Preparing: select * from teacher where id=? 
20:19:10,687 DEBUG findTeacherById:145 : ==> Parameters: 111111(String)
20:19:10,688 DEBUG findTeacherById:145 : <==      Total: 1
20:19:10,696 DEBUG findSectionBy_TreacherId:145 : ==>  Preparing: SELECT * FROM section as s inner join course as c inner join teacher as t on s.courseid=c.courseid and s.teacherid=t.id and t.id=? 
20:19:10,698 DEBUG findSectionBy_TreacherId:145 : ==> Parameters: 111111(String)
20:19:10,703 DEBUG findSectionBy_TreacherId:145 : <==      Total: 2
20:19:13,968 DEBUG countAllCourse:145 : ==>  Preparing: SELECT count(*) FROM course 
20:19:13,969 DEBUG countAllCourse:145 : ==> Parameters: 
20:19:13,972 DEBUG countAllCourse:145 : <==      Total: 1
20:19:14,021 DEBUG findAll_COUNT:145 : ==>  Preparing: SELECT count(0) FROM course 
20:19:14,026 DEBUG findAll_COUNT:145 : ==> Parameters: 
20:19:14,041 DEBUG findAll_COUNT:145 : <==      Total: 1
20:19:14,042 DEBUG findAll:145 : ==>  Preparing: select * from course ORDER BY courseid asc LIMIT 3 
20:19:14,043 DEBUG findAll:145 : ==> Parameters: 
20:19:14,045 DEBUG findAll:145 : <==      Total: 3
20:19:14,809 DEBUG findSectionByCourseId:145 : ==>  Preparing: SELECT * FROM section as s inner join (select * from Course where courseid=?) as c on s.courseid=c.courseid left join teacher as t on s.teacherid=t.id 
20:19:14,810 DEBUG findSectionByCourseId:145 : ==> Parameters: ABC-101(String)
20:19:14,814 DEBUG findSectionByCourseId:145 : <==      Total: 4
20:29:36,220 DEBUG findTeacherById:145 : ==>  Preparing: select * from teacher where id=? 
20:29:36,237 DEBUG findTeacherById:145 : ==> Parameters: 111111(String)
20:29:36,248 DEBUG findTeacherById:145 : <==      Total: 1
20:29:36,250 DEBUG findTeacherById:145 : ==>  Preparing: select * from teacher where id=? 
20:29:36,251 DEBUG findTeacherById:145 : ==> Parameters: 111111(String)
20:29:36,252 DEBUG findTeacherById:145 : <==      Total: 1
20:29:36,253 DEBUG findTeacherById:145 : ==>  Preparing: select * from teacher where id=? 
20:29:36,254 DEBUG findTeacherById:145 : ==> Parameters: 111111(String)
20:29:36,254 DEBUG findTeacherById:145 : <==      Total: 1
20:29:36,256 DEBUG findSectionBy_TreacherId:145 : ==>  Preparing: SELECT * FROM section as s inner join course as c inner join teacher as t on s.courseid=c.courseid and s.teacherid=t.id and t.id=? 
20:29:36,256 DEBUG findSectionBy_TreacherId:145 : ==> Parameters: 111111(String)
20:29:36,258 DEBUG findSectionBy_TreacherId:145 : <==      Total: 2
20:29:39,314 DEBUG countAllCourse:145 : ==>  Preparing: SELECT count(*) FROM course 
20:29:39,315 DEBUG countAllCourse:145 : ==> Parameters: 
20:29:39,317 DEBUG countAllCourse:145 : <==      Total: 1
20:29:39,364 DEBUG findAll_COUNT:145 : ==>  Preparing: SELECT count(0) FROM course 
20:29:39,365 DEBUG findAll_COUNT:145 : ==> Parameters: 
20:29:39,366 DEBUG findAll_COUNT:145 : <==      Total: 1
20:29:39,369 DEBUG findAll:145 : ==>  Preparing: select * from course ORDER BY courseid asc LIMIT 3 
20:29:39,373 DEBUG findAll:145 : ==> Parameters: 
20:29:39,378 DEBUG findAll:145 : <==      Total: 3
20:29:41,245 DEBUG findSectionByCourseId:145 : ==>  Preparing: SELECT * FROM section as s inner join (select * from Course where courseid=?) as c on s.courseid=c.courseid left join teacher as t on s.teacherid=t.id 
20:29:41,246 DEBUG findSectionByCourseId:145 : ==> Parameters: ABC-101(String)
20:29:41,249 DEBUG findSectionByCourseId:145 : <==      Total: 4
20:29:45,269 DEBUG findSectionByCourseId_SectionId:145 : ==>  Preparing: SELECT * FROM section as s inner join (select * from Course where courseid=? and sectionid=?) as c on s.courseid=c.courseid left join teacher as t on s.teacherid=t.id 
20:31:42,371 DEBUG findTeacherById:145 : ==>  Preparing: select * from teacher where id=? 
20:31:42,386 DEBUG findTeacherById:145 : ==> Parameters: 111111(String)
20:31:42,397 DEBUG findTeacherById:145 : <==      Total: 1
20:31:42,399 DEBUG findTeacherById:145 : ==>  Preparing: select * from teacher where id=? 
20:31:42,400 DEBUG findTeacherById:145 : ==> Parameters: 111111(String)
20:31:42,400 DEBUG findTeacherById:145 : <==      Total: 1
20:31:42,402 DEBUG findTeacherById:145 : ==>  Preparing: select * from teacher where id=? 
20:31:42,404 DEBUG findTeacherById:145 : ==> Parameters: 111111(String)
20:31:42,405 DEBUG findTeacherById:145 : <==      Total: 1
20:31:42,406 DEBUG findSectionBy_TreacherId:145 : ==>  Preparing: SELECT * FROM section as s inner join course as c inner join teacher as t on s.courseid=c.courseid and s.teacherid=t.id and t.id=? 
20:31:42,407 DEBUG findSectionBy_TreacherId:145 : ==> Parameters: 111111(String)
20:31:42,409 DEBUG findSectionBy_TreacherId:145 : <==      Total: 2
20:31:45,286 DEBUG countAllCourse:145 : ==>  Preparing: SELECT count(*) FROM course 
20:31:45,289 DEBUG countAllCourse:145 : ==> Parameters: 
20:31:45,291 DEBUG countAllCourse:145 : <==      Total: 1
20:31:45,349 DEBUG findAll_COUNT:145 : ==>  Preparing: SELECT count(0) FROM course 
20:31:45,351 DEBUG findAll_COUNT:145 : ==> Parameters: 
20:31:45,352 DEBUG findAll_COUNT:145 : <==      Total: 1
20:31:45,355 DEBUG findAll:145 : ==>  Preparing: select * from course ORDER BY courseid asc LIMIT 3 
20:31:45,356 DEBUG findAll:145 : ==> Parameters: 
20:31:45,358 DEBUG findAll:145 : <==      Total: 3
20:31:46,110 DEBUG findSectionByCourseId:145 : ==>  Preparing: SELECT * FROM section as s inner join (select * from Course where courseid=?) as c on s.courseid=c.courseid left join teacher as t on s.teacherid=t.id 
20:31:46,112 DEBUG findSectionByCourseId:145 : ==> Parameters: ABC-101(String)
20:31:46,115 DEBUG findSectionByCourseId:145 : <==      Total: 4
20:31:47,353 DEBUG findSectionByCourseId_SectionId:145 : ==>  Preparing: SELECT * FROM section as s inner join (select * from Course where courseid=? ) as c on s.courseid=c.courseid left join teacher as t on s.teacherid=t.id and s.sectionid=? 
20:31:47,354 DEBUG findSectionByCourseId_SectionId:145 : ==> Parameters: ABC-101(String), 2(String)
20:31:47,356 DEBUG findSectionByCourseId_SectionId:145 : <==      Total: 4
20:32:51,397 DEBUG findTeacherById:145 : ==>  Preparing: select * from teacher where id=? 
20:32:51,409 DEBUG findTeacherById:145 : ==> Parameters: 111111(String)
20:32:51,421 DEBUG findTeacherById:145 : <==      Total: 1
20:32:51,423 DEBUG findTeacherById:145 : ==>  Preparing: select * from teacher where id=? 
20:32:51,423 DEBUG findTeacherById:145 : ==> Parameters: 111111(String)
20:32:51,424 DEBUG findTeacherById:145 : <==      Total: 1
20:32:51,426 DEBUG findTeacherById:145 : ==>  Preparing: select * from teacher where id=? 
20:32:51,426 DEBUG findTeacherById:145 : ==> Parameters: 111111(String)
20:32:51,428 DEBUG findTeacherById:145 : <==      Total: 1
20:32:51,429 DEBUG findSectionBy_TreacherId:145 : ==>  Preparing: SELECT * FROM section as s inner join course as c inner join teacher as t on s.courseid=c.courseid and s.teacherid=t.id and t.id=? 
20:32:51,430 DEBUG findSectionBy_TreacherId:145 : ==> Parameters: 111111(String)
20:32:51,431 DEBUG findSectionBy_TreacherId:145 : <==      Total: 2
20:32:54,065 DEBUG countAllCourse:145 : ==>  Preparing: SELECT count(*) FROM course 
20:32:54,066 DEBUG countAllCourse:145 : ==> Parameters: 
20:32:54,067 DEBUG countAllCourse:145 : <==      Total: 1
20:32:54,117 DEBUG findAll_COUNT:145 : ==>  Preparing: SELECT count(0) FROM course 
20:32:54,122 DEBUG findAll_COUNT:145 : ==> Parameters: 
20:32:54,125 DEBUG findAll_COUNT:145 : <==      Total: 1
20:32:54,128 DEBUG findAll:145 : ==>  Preparing: select * from course ORDER BY courseid asc LIMIT 3 
20:32:54,129 DEBUG findAll:145 : ==> Parameters: 
20:32:54,131 DEBUG findAll:145 : <==      Total: 3
20:32:54,951 DEBUG findSectionByCourseId:145 : ==>  Preparing: SELECT * FROM section as s inner join (select * from Course where courseid=?) as c on s.courseid=c.courseid left join teacher as t on s.teacherid=t.id 
20:32:54,952 DEBUG findSectionByCourseId:145 : ==> Parameters: ABC-101(String)
20:32:54,957 DEBUG findSectionByCourseId:145 : <==      Total: 4
20:32:55,933 DEBUG findSectionByCourseId_SectionId:145 : ==>  Preparing: SELECT * FROM section as s inner join (select * from Course where courseid=? ) as c on s.courseid=c.courseid and s.sectionid=? left join teacher as t on s.teacherid=t.id 
20:32:55,934 DEBUG findSectionByCourseId_SectionId:145 : ==> Parameters: ABC-101(String), 2(String)
20:32:55,935 DEBUG findSectionByCourseId_SectionId:145 : <==      Total: 1
20:34:32,426 DEBUG findSectionByCourseId:145 : ==>  Preparing: SELECT * FROM section as s inner join (select * from Course where courseid=?) as c on s.courseid=c.courseid left join teacher as t on s.teacherid=t.id 
20:34:32,427 DEBUG findSectionByCourseId:145 : ==> Parameters: ABC-101(String)
20:34:32,430 DEBUG findSectionByCourseId:145 : <==      Total: 4
20:34:34,322 DEBUG findSectionByCourseId:145 : ==>  Preparing: SELECT * FROM section as s inner join (select * from Course where courseid=?) as c on s.courseid=c.courseid left join teacher as t on s.teacherid=t.id 
20:34:34,323 DEBUG findSectionByCourseId:145 : ==> Parameters: ABC-102(String)
20:34:34,325 DEBUG findSectionByCourseId:145 : <==      Total: 1
20:34:36,755 DEBUG findSectionByCourseId:145 : ==>  Preparing: SELECT * FROM section as s inner join (select * from Course where courseid=?) as c on s.courseid=c.courseid left join teacher as t on s.teacherid=t.id 
20:34:36,756 DEBUG findSectionByCourseId:145 : ==> Parameters: ABC-103(String)
20:34:36,757 DEBUG findSectionByCourseId:145 : <==      Total: 0
20:34:38,342 DEBUG findSectionByCourseId:145 : ==>  Preparing: SELECT * FROM section as s inner join (select * from Course where courseid=?) as c on s.courseid=c.courseid left join teacher as t on s.teacherid=t.id 
20:34:38,343 DEBUG findSectionByCourseId:145 : ==> Parameters: ABC-102(String)
20:34:38,346 DEBUG findSectionByCourseId:145 : <==      Total: 1
20:37:04,403 DEBUG findTeacherById:145 : ==>  Preparing: select * from teacher where id=? 
20:37:04,455 DEBUG findTeacherById:145 : ==> Parameters: 111111(String)
20:37:04,485 DEBUG findTeacherById:145 : <==      Total: 1
20:37:04,490 DEBUG findTeacherById:145 : ==>  Preparing: select * from teacher where id=? 
20:37:04,491 DEBUG findTeacherById:145 : ==> Parameters: 111111(String)
20:37:04,493 DEBUG findTeacherById:145 : <==      Total: 1
20:37:04,496 DEBUG findTeacherById:145 : ==>  Preparing: select * from teacher where id=? 
20:37:04,497 DEBUG findTeacherById:145 : ==> Parameters: 111111(String)
20:37:04,498 DEBUG findTeacherById:145 : <==      Total: 1
20:37:04,501 DEBUG findSectionBy_TreacherId:145 : ==>  Preparing: SELECT * FROM section as s inner join course as c inner join teacher as t on s.courseid=c.courseid and s.teacherid=t.id and t.id=? 
20:37:04,503 DEBUG findSectionBy_TreacherId:145 : ==> Parameters: 111111(String)
20:37:04,507 DEBUG findSectionBy_TreacherId:145 : <==      Total: 2
20:37:04,969 DEBUG findTeacherById:145 : ==>  Preparing: select * from teacher where id=? 
20:37:04,987 DEBUG findTeacherById:145 : ==> Parameters: 111111(String)
20:37:04,989 DEBUG findTeacherById:145 : <==      Total: 1
20:37:04,993 DEBUG findTeacherById:145 : ==>  Preparing: select * from teacher where id=? 
20:37:04,995 DEBUG findTeacherById:145 : ==> Parameters: 111111(String)
20:37:05,000 DEBUG findTeacherById:145 : <==      Total: 1
20:37:05,005 DEBUG findTeacherById:145 : ==>  Preparing: select * from teacher where id=? 
20:37:05,010 DEBUG findTeacherById:145 : ==> Parameters: 111111(String)
20:37:05,012 DEBUG findTeacherById:145 : <==      Total: 1
20:37:05,015 DEBUG findSectionBy_TreacherId:145 : ==>  Preparing: SELECT * FROM section as s inner join course as c inner join teacher as t on s.courseid=c.courseid and s.teacherid=t.id and t.id=? 
20:37:05,017 DEBUG findSectionBy_TreacherId:145 : ==> Parameters: 111111(String)
20:37:05,021 DEBUG findSectionBy_TreacherId:145 : <==      Total: 2
20:37:08,922 DEBUG countAllCourse:145 : ==>  Preparing: SELECT count(*) FROM course 
20:37:08,923 DEBUG countAllCourse:145 : ==> Parameters: 
20:37:08,924 DEBUG countAllCourse:145 : <==      Total: 1
20:37:08,998 DEBUG findAll_COUNT:145 : ==>  Preparing: SELECT count(0) FROM course 
20:37:08,998 DEBUG findAll_COUNT:145 : ==> Parameters: 
20:37:09,003 DEBUG findAll_COUNT:145 : <==      Total: 1
20:37:09,006 DEBUG findAll:145 : ==>  Preparing: select * from course ORDER BY courseid asc LIMIT 3 
20:37:09,009 DEBUG findAll:145 : ==> Parameters: 
20:37:09,012 DEBUG findAll:145 : <==      Total: 3
20:37:09,953 DEBUG findSectionByCourseId:145 : ==>  Preparing: SELECT * FROM section as s inner join (select * from Course where courseid=?) as c on s.courseid=c.courseid left join teacher as t on s.teacherid=t.id 
20:37:09,954 DEBUG findSectionByCourseId:145 : ==> Parameters: ABC-101(String)
20:37:09,958 DEBUG findSectionByCourseId:145 : <==      Total: 4
20:37:58,705 DEBUG findSectionByCourseId_SectionId:145 : ==>  Preparing: SELECT * FROM section as s inner join (select * from Course where courseid=? ) as c on s.courseid=c.courseid and s.sectionid=? left join teacher as t on s.teacherid=t.id 
20:37:58,707 DEBUG findSectionByCourseId_SectionId:145 : ==> Parameters: ABC-101(String), 2(String)
20:37:58,712 DEBUG findSectionByCourseId_SectionId:145 : <==      Total: 1
20:39:22,623 DEBUG findTeacherById:145 : ==>  Preparing: select * from teacher where id=? 
20:39:22,638 DEBUG findTeacherById:145 : ==> Parameters: 111111(String)
20:39:22,648 DEBUG findTeacherById:145 : <==      Total: 1
20:39:22,650 DEBUG findTeacherById:145 : ==>  Preparing: select * from teacher where id=? 
20:39:22,651 DEBUG findTeacherById:145 : ==> Parameters: 111111(String)
20:39:22,652 DEBUG findTeacherById:145 : <==      Total: 1
20:39:22,654 DEBUG findTeacherById:145 : ==>  Preparing: select * from teacher where id=? 
20:39:22,656 DEBUG findTeacherById:145 : ==> Parameters: 111111(String)
20:39:22,659 DEBUG findTeacherById:145 : <==      Total: 1
20:39:22,661 DEBUG findSectionBy_TreacherId:145 : ==>  Preparing: SELECT * FROM section as s inner join course as c inner join teacher as t on s.courseid=c.courseid and s.teacherid=t.id and t.id=? 
20:39:22,662 DEBUG findSectionBy_TreacherId:145 : ==> Parameters: 111111(String)
20:39:22,665 DEBUG findSectionBy_TreacherId:145 : <==      Total: 2
20:39:25,330 DEBUG countAllCourse:145 : ==>  Preparing: SELECT count(*) FROM course 
20:39:25,335 DEBUG countAllCourse:145 : ==> Parameters: 
20:39:25,337 DEBUG countAllCourse:145 : <==      Total: 1
20:39:25,403 DEBUG findAll_COUNT:145 : ==>  Preparing: SELECT count(0) FROM course 
20:39:25,404 DEBUG findAll_COUNT:145 : ==> Parameters: 
20:39:25,406 DEBUG findAll_COUNT:145 : <==      Total: 1
20:39:25,409 DEBUG findAll:145 : ==>  Preparing: select * from course ORDER BY courseid asc LIMIT 3 
20:39:25,410 DEBUG findAll:145 : ==> Parameters: 
20:39:25,412 DEBUG findAll:145 : <==      Total: 3
20:39:26,230 DEBUG findSectionByCourseId:145 : ==>  Preparing: SELECT * FROM section as s inner join (select * from Course where courseid=?) as c on s.courseid=c.courseid left join teacher as t on s.teacherid=t.id 
20:39:26,232 DEBUG findSectionByCourseId:145 : ==> Parameters: ABC-101(String)
20:39:26,235 DEBUG findSectionByCourseId:145 : <==      Total: 4
20:39:30,022 DEBUG findSectionByCourseId_SectionId:145 : ==>  Preparing: SELECT * FROM section as s inner join (select * from Course where courseid=? ) as c on s.courseid=c.courseid and s.sectionid=? left join teacher as t on s.teacherid=t.id 
20:39:30,023 DEBUG findSectionByCourseId_SectionId:145 : ==> Parameters: ABC-101(String), 2(String)
20:39:30,025 DEBUG findSectionByCourseId_SectionId:145 : <==      Total: 1
20:39:30,026 DEBUG appointInstructor:145 : ==>  Preparing: UPDATE section SET teacherid=? WHERE sectionid=? and courseid=? 
20:39:30,027 DEBUG appointInstructor:145 : ==> Parameters: 111111(String), 2(String), ABC-101(String)
20:39:30,104 DEBUG appointInstructor:145 : <==    Updates: 1
20:39:32,141 DEBUG countAllCourse:145 : ==>  Preparing: SELECT count(*) FROM course 
20:39:32,143 DEBUG countAllCourse:145 : ==> Parameters: 
20:39:32,145 DEBUG countAllCourse:145 : <==      Total: 1
20:39:32,147 DEBUG findAll_COUNT:145 : ==>  Preparing: SELECT count(0) FROM course 
20:39:32,148 DEBUG findAll_COUNT:145 : ==> Parameters: 
20:39:32,149 DEBUG findAll_COUNT:145 : <==      Total: 1
20:39:32,149 DEBUG findAll:145 : ==>  Preparing: select * from course ORDER BY courseid asc LIMIT 3 
20:39:32,150 DEBUG findAll:145 : ==> Parameters: 
20:39:32,152 DEBUG findAll:145 : <==      Total: 3
20:39:33,689 DEBUG findSectionByCourseId:145 : ==>  Preparing: SELECT * FROM section as s inner join (select * from Course where courseid=?) as c on s.courseid=c.courseid left join teacher as t on s.teacherid=t.id 
20:39:33,691 DEBUG findSectionByCourseId:145 : ==> Parameters: ABC-101(String)
20:39:33,695 DEBUG findSectionByCourseId:145 : <==      Total: 4
20:39:41,050 DEBUG findSectionByCourseId:145 : ==>  Preparing: SELECT * FROM section as s inner join (select * from Course where courseid=?) as c on s.courseid=c.courseid left join teacher as t on s.teacherid=t.id 
20:39:41,052 DEBUG findSectionByCourseId:145 : ==> Parameters: ABC-102(String)
20:39:41,056 DEBUG findSectionByCourseId:145 : <==      Total: 1
20:39:44,322 DEBUG findSectionByCourseId:145 : ==>  Preparing: SELECT * FROM section as s inner join (select * from Course where courseid=?) as c on s.courseid=c.courseid left join teacher as t on s.teacherid=t.id 
20:39:44,324 DEBUG findSectionByCourseId:145 : ==> Parameters: ABC-101(String)
20:39:44,328 DEBUG findSectionByCourseId:145 : <==      Total: 4
20:40:47,567 DEBUG findSectionByCourseId:145 : ==>  Preparing: SELECT * FROM section as s inner join (select * from Course where courseid=?) as c on s.courseid=c.courseid left join teacher as t on s.teacherid=t.id 
20:40:47,568 DEBUG findSectionByCourseId:145 : ==> Parameters: ABC-102(String)
20:40:47,570 DEBUG findSectionByCourseId:145 : <==      Total: 1
20:40:52,229 DEBUG findSectionByCourseId_SectionId:145 : ==>  Preparing: SELECT * FROM section as s inner join (select * from Course where courseid=? ) as c on s.courseid=c.courseid and s.sectionid=? left join teacher as t on s.teacherid=t.id 
20:40:52,230 DEBUG findSectionByCourseId_SectionId:145 : ==> Parameters: ABC-101(String), 3(String)
20:40:52,232 DEBUG findSectionByCourseId_SectionId:145 : <==      Total: 1
20:40:52,235 DEBUG appointInstructor:145 : ==>  Preparing: UPDATE section SET teacherid=? WHERE sectionid=? and courseid=? 
20:40:52,237 DEBUG appointInstructor:145 : ==> Parameters: 111111(String), 3(String), ABC-101(String)
20:40:52,327 DEBUG appointInstructor:145 : <==    Updates: 1
20:40:53,726 DEBUG countAllCourse:145 : ==>  Preparing: SELECT count(*) FROM course 
20:40:53,727 DEBUG countAllCourse:145 : ==> Parameters: 
20:40:53,728 DEBUG countAllCourse:145 : <==      Total: 1
20:40:53,730 DEBUG findAll_COUNT:145 : ==>  Preparing: SELECT count(0) FROM course 
20:40:53,731 DEBUG findAll_COUNT:145 : ==> Parameters: 
20:40:53,732 DEBUG findAll_COUNT:145 : <==      Total: 1
20:40:53,733 DEBUG findAll:145 : ==>  Preparing: select * from course ORDER BY courseid asc LIMIT 3 
20:40:53,734 DEBUG findAll:145 : ==> Parameters: 
20:40:53,736 DEBUG findAll:145 : <==      Total: 3
20:40:55,452 DEBUG findSectionByCourseId:145 : ==>  Preparing: SELECT * FROM section as s inner join (select * from Course where courseid=?) as c on s.courseid=c.courseid left join teacher as t on s.teacherid=t.id 
20:40:55,452 DEBUG findSectionByCourseId:145 : ==> Parameters: ABC-101(String)
20:40:55,456 DEBUG findSectionByCourseId:145 : <==      Total: 4
21:08:49,359 DEBUG findTeacherById:145 : ==>  Preparing: select * from teacher where id=? 
21:08:49,413 DEBUG findTeacherById:145 : ==> Parameters: 111111(String)
21:08:49,448 DEBUG findTeacherById:145 : <==      Total: 1
21:08:49,455 DEBUG findTeacherById:145 : ==>  Preparing: select * from teacher where id=? 
21:08:49,459 DEBUG findTeacherById:145 : ==> Parameters: 111111(String)
21:08:49,461 DEBUG findTeacherById:145 : <==      Total: 1
21:08:49,468 DEBUG findTeacherById:145 : ==>  Preparing: select * from teacher where id=? 
21:08:49,469 DEBUG findTeacherById:145 : ==> Parameters: 111111(String)
21:08:49,470 DEBUG findTeacherById:145 : <==      Total: 1
21:08:49,473 DEBUG findSectionBy_TreacherId:145 : ==>  Preparing: SELECT * FROM section as s inner join course as c inner join teacher as t on s.courseid=c.courseid and s.teacherid=t.id and t.id=? 
21:08:49,475 DEBUG findSectionBy_TreacherId:145 : ==> Parameters: 111111(String)
21:08:49,484 DEBUG findSectionBy_TreacherId:145 : <==      Total: 4
21:09:39,101 DEBUG findTeacherById:145 : ==>  Preparing: select * from teacher where id=? 
21:09:39,115 DEBUG findTeacherById:145 : ==> Parameters: 111111(String)
21:09:39,125 DEBUG findTeacherById:145 : <==      Total: 1
21:09:39,127 DEBUG findTeacherById:145 : ==>  Preparing: select * from teacher where id=? 
21:09:39,128 DEBUG findTeacherById:145 : ==> Parameters: 111111(String)
21:09:39,129 DEBUG findTeacherById:145 : <==      Total: 1
21:09:39,130 DEBUG findTeacherById:145 : ==>  Preparing: select * from teacher where id=? 
21:09:39,131 DEBUG findTeacherById:145 : ==> Parameters: 111111(String)
21:09:39,132 DEBUG findTeacherById:145 : <==      Total: 1
21:09:39,133 DEBUG findSectionBy_TreacherId:145 : ==>  Preparing: SELECT * FROM section as s inner join course as c inner join teacher as t on s.courseid=c.courseid and s.teacherid=t.id and t.id=? 
21:09:39,134 DEBUG findSectionBy_TreacherId:145 : ==> Parameters: 111111(String)
21:09:39,137 DEBUG findSectionBy_TreacherId:145 : <==      Total: 4
21:11:19,761 DEBUG findTeacherById:145 : ==>  Preparing: select * from teacher where id=? 
21:11:19,778 DEBUG findTeacherById:145 : ==> Parameters: 111111(String)
21:11:19,790 DEBUG findTeacherById:145 : <==      Total: 1
21:11:19,791 DEBUG findTeacherById:145 : ==>  Preparing: select * from teacher where id=? 
21:11:19,792 DEBUG findTeacherById:145 : ==> Parameters: 111111(String)
21:11:19,793 DEBUG findTeacherById:145 : <==      Total: 1
21:11:19,794 DEBUG findTeacherById:145 : ==>  Preparing: select * from teacher where id=? 
21:11:19,795 DEBUG findTeacherById:145 : ==> Parameters: 111111(String)
21:11:19,796 DEBUG findTeacherById:145 : <==      Total: 1
21:11:19,797 DEBUG findSectionBy_TreacherId:145 : ==>  Preparing: SELECT * FROM section as s inner join course as c inner join teacher as t on s.courseid=c.courseid and s.teacherid=t.id and t.id=? 
21:11:19,798 DEBUG findSectionBy_TreacherId:145 : ==> Parameters: 111111(String)
21:11:19,803 DEBUG findSectionBy_TreacherId:145 : <==      Total: 4
21:12:04,430 DEBUG findTeacherById:145 : ==>  Preparing: select * from teacher where id=? 
21:12:04,442 DEBUG findTeacherById:145 : ==> Parameters: 111111(String)
21:12:04,453 DEBUG findTeacherById:145 : <==      Total: 1
21:12:04,455 DEBUG findTeacherById:145 : ==>  Preparing: select * from teacher where id=? 
21:12:04,455 DEBUG findTeacherById:145 : ==> Parameters: 111111(String)
21:12:04,456 DEBUG findTeacherById:145 : <==      Total: 1
21:12:04,458 DEBUG findTeacherById:145 : ==>  Preparing: select * from teacher where id=? 
21:12:04,458 DEBUG findTeacherById:145 : ==> Parameters: 111111(String)
21:12:04,459 DEBUG findTeacherById:145 : <==      Total: 1
21:12:04,461 DEBUG findSectionBy_TreacherId:145 : ==>  Preparing: SELECT * FROM section as s inner join course as c inner join teacher as t on s.courseid=c.courseid and s.teacherid=t.id and t.id=? 
21:12:04,463 DEBUG findSectionBy_TreacherId:145 : ==> Parameters: 111111(String)
21:12:04,468 DEBUG findSectionBy_TreacherId:145 : <==      Total: 4
21:12:07,019 DEBUG findScheduleBySemester:145 : ==>  Preparing: SELECT * FROM section as s inner join course as c inner join (SELECT * FROM scheduleofclasses WHERE semester = ?) as soc on s.courseid=c.courseid and s.teacherid=? and s.sectionuid = soc.sectionid and c.courseid=soc.courseid left join teacher as t on s.teacherid=t.id 
21:12:53,491 DEBUG findTeacherById:145 : ==>  Preparing: select * from teacher where id=? 
21:12:53,505 DEBUG findTeacherById:145 : ==> Parameters: 111111(String)
21:12:53,513 DEBUG findTeacherById:145 : <==      Total: 1
21:12:53,515 DEBUG findTeacherById:145 : ==>  Preparing: select * from teacher where id=? 
21:12:53,515 DEBUG findTeacherById:145 : ==> Parameters: 111111(String)
21:12:53,516 DEBUG findTeacherById:145 : <==      Total: 1
21:12:53,517 DEBUG findTeacherById:145 : ==>  Preparing: select * from teacher where id=? 
21:12:53,518 DEBUG findTeacherById:145 : ==> Parameters: 111111(String)
21:12:53,519 DEBUG findTeacherById:145 : <==      Total: 1
21:12:53,521 DEBUG findSectionBy_TreacherId:145 : ==>  Preparing: SELECT * FROM section as s inner join course as c inner join teacher as t on s.courseid=c.courseid and s.teacherid=t.id and t.id=? 
21:12:53,523 DEBUG findSectionBy_TreacherId:145 : ==> Parameters: 111111(String)
21:12:53,525 DEBUG findSectionBy_TreacherId:145 : <==      Total: 4
21:12:56,906 DEBUG findScheduleBySemester:145 : ==>  Preparing: SELECT * FROM section as s inner join course as c inner join (SELECT * FROM scheduleofclasses WHERE semester = ?) as soc on s.courseid=c.courseid and s.teacherid=? and s.sectionid = soc.sectionid and c.courseid=soc.courseid left join teacher as t on s.teacherid=t.id 
21:12:56,909 DEBUG findScheduleBySemester:145 : ==> Parameters: 学期(String), 111111(String)
21:12:56,910 DEBUG findScheduleBySemester:145 : <==      Total: 0
21:14:30,271 DEBUG findScheduleBySemester:145 : ==>  Preparing: SELECT * FROM section as s inner join course as c inner join (SELECT * FROM scheduleofclasses WHERE semester = ?) as soc on s.courseid=c.courseid and s.teacherid=? and s.sectionid = soc.sectionid and c.courseid=soc.courseid left join teacher as t on s.teacherid=t.id 
21:14:30,272 DEBUG findScheduleBySemester:145 : ==> Parameters: 学期(String), 111111(String)
21:14:30,274 DEBUG findScheduleBySemester:145 : <==      Total: 0
21:14:32,373 DEBUG findScheduleBySemester:145 : ==>  Preparing: SELECT * FROM section as s inner join course as c inner join (SELECT * FROM scheduleofclasses WHERE semester = ?) as soc on s.courseid=c.courseid and s.teacherid=? and s.sectionid = soc.sectionid and c.courseid=soc.courseid left join teacher as t on s.teacherid=t.id 
21:14:32,374 DEBUG findScheduleBySemester:145 : ==> Parameters: 学期(String), 111111(String)
21:14:32,376 DEBUG findScheduleBySemester:145 : <==      Total: 0
21:14:37,154 DEBUG findScheduleBySemester:145 : ==>  Preparing: SELECT * FROM section as s inner join course as c inner join (SELECT * FROM scheduleofclasses WHERE semester = ?) as soc on s.courseid=c.courseid and s.teacherid=? and s.sectionid = soc.sectionid and c.courseid=soc.courseid left join teacher as t on s.teacherid=t.id 
21:14:37,155 DEBUG findScheduleBySemester:145 : ==> Parameters: 学期(String), 111111(String)
21:14:37,157 DEBUG findScheduleBySemester:145 : <==      Total: 0
21:15:38,336 DEBUG findScheduleBySemester:145 : ==>  Preparing: SELECT * FROM section as s inner join course as c inner join (SELECT * FROM scheduleofclasses WHERE semester = ?) as soc on s.courseid=c.courseid and s.teacherid=? and s.sectionid = soc.sectionid and c.courseid=soc.courseid left join teacher as t on s.teacherid=t.id 
21:15:38,337 DEBUG findScheduleBySemester:145 : ==> Parameters: 学期(String), 111111(String)
21:15:38,339 DEBUG findScheduleBySemester:145 : <==      Total: 0
21:17:16,769 DEBUG findScheduleBySemester:145 : ==>  Preparing: SELECT * FROM section as s inner join course as c inner join (SELECT * FROM scheduleofclasses WHERE semester = ?) as soc on s.courseid=c.courseid and s.teacherid=? and s.sectionid = soc.sectionid and c.courseid=soc.courseid left join teacher as t on s.teacherid=t.id 
21:17:16,770 DEBUG findScheduleBySemester:145 : ==> Parameters: 学期(String), 111111(String)
21:17:16,772 DEBUG findScheduleBySemester:145 : <==      Total: 0
21:17:41,878 DEBUG findScheduleBySemester:145 : ==>  Preparing: SELECT * FROM section as s inner join course as c inner join (SELECT * FROM scheduleofclasses WHERE semester = ?) as soc on s.courseid=c.courseid and s.teacherid=? and s.sectionid = soc.sectionid and c.courseid=soc.courseid left join teacher as t on s.teacherid=t.id 
21:17:41,879 DEBUG findScheduleBySemester:145 : ==> Parameters: 学期(String), 111111(String)
21:17:41,881 DEBUG findScheduleBySemester:145 : <==      Total: 0
21:18:21,885 DEBUG findScheduleBySemester:145 : ==>  Preparing: SELECT * FROM section as s inner join course as c inner join (SELECT * FROM scheduleofclasses WHERE semester = ?) as soc on s.courseid=c.courseid and s.teacherid=? and s.sectionid = soc.sectionid and c.courseid=soc.courseid left join teacher as t on s.teacherid=t.id 
21:18:21,886 DEBUG findScheduleBySemester:145 : ==> Parameters: 学期(String), 111111(String)
21:18:21,887 DEBUG findScheduleBySemester:145 : <==      Total: 0
21:20:33,963 DEBUG findScheduleBySemester:145 : ==>  Preparing: SELECT * FROM section as s inner join course as c inner join (SELECT * FROM scheduleofclasses WHERE semester = ?) as soc on s.courseid=c.courseid and s.teacherid=? and s.sectionid = soc.sectionid and c.courseid=soc.courseid left join teacher as t on s.teacherid=t.id 
21:20:33,964 DEBUG findScheduleBySemester:145 : ==> Parameters: 学期(String), 111111(String)
21:20:33,966 DEBUG findScheduleBySemester:145 : <==      Total: 0
21:23:13,981 DEBUG findScheduleBySemester:145 : ==>  Preparing: SELECT * FROM section as s inner join course as c inner join (SELECT * FROM scheduleofclasses WHERE semester = ?) as soc on s.courseid=c.courseid and s.teacherid=? and s.sectionid = soc.sectionid and c.courseid=soc.courseid left join teacher as t on s.teacherid=t.id 
21:23:13,982 DEBUG findScheduleBySemester:145 : ==> Parameters: 学期(String), 111111(String)
21:23:13,983 DEBUG findScheduleBySemester:145 : <==      Total: 0
21:24:03,411 DEBUG findScheduleBySemester:145 : ==>  Preparing: SELECT * FROM section as s inner join course as c inner join (SELECT * FROM scheduleofclasses WHERE semester = ?) as soc on s.courseid=c.courseid and s.teacherid=? and s.sectionid = soc.sectionid and c.courseid=soc.courseid left join teacher as t on s.teacherid=t.id 
21:24:03,412 DEBUG findScheduleBySemester:145 : ==> Parameters: 学期(String), 111111(String)
21:24:03,413 DEBUG findScheduleBySemester:145 : <==      Total: 0
21:25:35,247 DEBUG findScheduleBySemester:145 : ==>  Preparing: SELECT * FROM section as s inner join course as c inner join (SELECT * FROM scheduleofclasses WHERE semester = ?) as soc on s.courseid=c.courseid and s.teacherid=? and s.sectionid = soc.sectionid and c.courseid=soc.courseid left join teacher as t on s.teacherid=t.id 
21:25:35,248 DEBUG findScheduleBySemester:145 : ==> Parameters: 学期(String), 111111(String)
21:25:35,249 DEBUG findScheduleBySemester:145 : <==      Total: 0
21:26:22,224 DEBUG findScheduleBySemester:145 : ==>  Preparing: SELECT * FROM section as s inner join course as c inner join (SELECT * FROM scheduleofclasses WHERE semester = ?) as soc on s.courseid=c.courseid and s.teacherid=? and s.sectionid = soc.sectionid and c.courseid=soc.courseid left join teacher as t on s.teacherid=t.id 
21:26:22,225 DEBUG findScheduleBySemester:145 : ==> Parameters: 学期(String), 111111(String)
21:26:22,226 DEBUG findScheduleBySemester:145 : <==      Total: 0
21:27:17,053 DEBUG findScheduleBySemester:145 : ==>  Preparing: SELECT * FROM section as s inner join course as c inner join (SELECT * FROM scheduleofclasses WHERE semester = ?) as soc on s.courseid=c.courseid and s.teacherid=? and s.sectionid = soc.sectionid and c.courseid=soc.courseid left join teacher as t on s.teacherid=t.id 
21:27:17,054 DEBUG findScheduleBySemester:145 : ==> Parameters: 学期(String), 111111(String)
21:27:17,056 DEBUG findScheduleBySemester:145 : <==      Total: 0
21:27:30,194 DEBUG findScheduleBySemester:145 : ==>  Preparing: SELECT * FROM section as s inner join course as c inner join (SELECT * FROM scheduleofclasses WHERE semester = ?) as soc on s.courseid=c.courseid and s.teacherid=? and s.sectionid = soc.sectionid and c.courseid=soc.courseid left join teacher as t on s.teacherid=t.id 
21:27:30,195 DEBUG findScheduleBySemester:145 : ==> Parameters: 学期(String), 111111(String)
21:27:30,196 DEBUG findScheduleBySemester:145 : <==      Total: 0
21:27:56,927 DEBUG findScheduleBySemester:145 : ==>  Preparing: SELECT * FROM section as s inner join course as c inner join (SELECT * FROM scheduleofclasses WHERE semester = ?) as soc on s.courseid=c.courseid and s.teacherid=? and s.sectionid = soc.sectionid and c.courseid=soc.courseid left join teacher as t on s.teacherid=t.id 
21:27:56,928 DEBUG findScheduleBySemester:145 : ==> Parameters: 学期(String), 111111(String)
21:27:56,929 DEBUG findScheduleBySemester:145 : <==      Total: 0
21:28:21,257 DEBUG findScheduleBySemester:145 : ==>  Preparing: SELECT * FROM section as s inner join course as c inner join (SELECT * FROM scheduleofclasses WHERE semester = ?) as soc on s.courseid=c.courseid and s.teacherid=? and s.sectionid = soc.sectionid and c.courseid=soc.courseid left join teacher as t on s.teacherid=t.id 
21:28:21,259 DEBUG findScheduleBySemester:145 : ==> Parameters: 学期(String), 111111(String)
21:28:21,261 DEBUG findScheduleBySemester:145 : <==      Total: 0
21:28:23,681 DEBUG findScheduleBySemester:145 : ==>  Preparing: SELECT * FROM section as s inner join course as c inner join (SELECT * FROM scheduleofclasses WHERE semester = ?) as soc on s.courseid=c.courseid and s.teacherid=? and s.sectionid = soc.sectionid and c.courseid=soc.courseid left join teacher as t on s.teacherid=t.id 
21:28:23,682 DEBUG findScheduleBySemester:145 : ==> Parameters: 学期(String), 111111(String)
21:28:23,683 DEBUG findScheduleBySemester:145 : <==      Total: 0
21:28:24,544 DEBUG findScheduleBySemester:145 : ==>  Preparing: SELECT * FROM section as s inner join course as c inner join (SELECT * FROM scheduleofclasses WHERE semester = ?) as soc on s.courseid=c.courseid and s.teacherid=? and s.sectionid = soc.sectionid and c.courseid=soc.courseid left join teacher as t on s.teacherid=t.id 
21:28:24,545 DEBUG findScheduleBySemester:145 : ==> Parameters: 1(String), 111111(String)
21:28:24,546 DEBUG findScheduleBySemester:145 : <==      Total: 0
21:28:32,823 DEBUG findScheduleBySemester:145 : ==>  Preparing: SELECT * FROM section as s inner join course as c inner join (SELECT * FROM scheduleofclasses WHERE semester = ?) as soc on s.courseid=c.courseid and s.teacherid=? and s.sectionid = soc.sectionid and c.courseid=soc.courseid left join teacher as t on s.teacherid=t.id 
21:28:32,824 DEBUG findScheduleBySemester:145 : ==> Parameters: 1(String), 111111(String)
21:28:32,826 DEBUG findScheduleBySemester:145 : <==      Total: 0
21:28:34,834 DEBUG findScheduleBySemester:145 : ==>  Preparing: SELECT * FROM section as s inner join course as c inner join (SELECT * FROM scheduleofclasses WHERE semester = ?) as soc on s.courseid=c.courseid and s.teacherid=? and s.sectionid = soc.sectionid and c.courseid=soc.courseid left join teacher as t on s.teacherid=t.id 
21:28:34,835 DEBUG findScheduleBySemester:145 : ==> Parameters: 1(String), 111111(String)
21:28:34,837 DEBUG findScheduleBySemester:145 : <==      Total: 0
21:28:49,606 DEBUG findScheduleBySemester:145 : ==>  Preparing: SELECT * FROM section as s inner join course as c inner join (SELECT * FROM scheduleofclasses WHERE semester = ?) as soc on s.courseid=c.courseid and s.teacherid=? and s.sectionid = soc.sectionid and c.courseid=soc.courseid left join teacher as t on s.teacherid=t.id 
21:28:49,608 DEBUG findScheduleBySemester:145 : ==> Parameters: 学期(String), 111111(String)
21:28:49,609 DEBUG findScheduleBySemester:145 : <==      Total: 0
21:28:58,648 DEBUG findScheduleBySemester:145 : ==>  Preparing: SELECT * FROM section as s inner join course as c inner join (SELECT * FROM scheduleofclasses WHERE semester = ?) as soc on s.courseid=c.courseid and s.teacherid=? and s.sectionid = soc.sectionid and c.courseid=soc.courseid left join teacher as t on s.teacherid=t.id 
21:28:58,648 DEBUG findScheduleBySemester:145 : ==> Parameters: 1(String), 111111(String)
21:28:58,650 DEBUG findScheduleBySemester:145 : <==      Total: 0
21:31:22,394 DEBUG findScheduleBySemester:145 : ==>  Preparing: SELECT * FROM section as s inner join course as c inner join (SELECT * FROM scheduleofclasses WHERE semester = ?) as soc on s.courseid=c.courseid and s.teacherid=? and s.sectionid = soc.sectionid and c.courseid=soc.courseid left join teacher as t on s.teacherid=t.id 
21:31:22,395 DEBUG findScheduleBySemester:145 : ==> Parameters: 2(String), 111111(String)
21:31:22,397 DEBUG findScheduleBySemester:145 : <==      Total: 0
21:31:23,783 DEBUG findScheduleBySemester:145 : ==>  Preparing: SELECT * FROM section as s inner join course as c inner join (SELECT * FROM scheduleofclasses WHERE semester = ?) as soc on s.courseid=c.courseid and s.teacherid=? and s.sectionid = soc.sectionid and c.courseid=soc.courseid left join teacher as t on s.teacherid=t.id 
21:31:23,784 DEBUG findScheduleBySemester:145 : ==> Parameters: 1(String), 111111(String)
21:31:23,787 DEBUG findScheduleBySemester:145 : <==      Total: 1
21:31:53,133 DEBUG findScheduleBySemester:145 : ==>  Preparing: SELECT * FROM section as s inner join course as c inner join (SELECT * FROM scheduleofclasses WHERE semester = ?) as soc on s.courseid=c.courseid and s.teacherid=? and s.sectionid = soc.sectionid and c.courseid=soc.courseid left join teacher as t on s.teacherid=t.id 
21:31:53,135 DEBUG findScheduleBySemester:145 : ==> Parameters: 学期(String), 111111(String)
21:31:53,136 DEBUG findScheduleBySemester:145 : <==      Total: 0
21:31:55,444 DEBUG findScheduleBySemester:145 : ==>  Preparing: SELECT * FROM section as s inner join course as c inner join (SELECT * FROM scheduleofclasses WHERE semester = ?) as soc on s.courseid=c.courseid and s.teacherid=? and s.sectionid = soc.sectionid and c.courseid=soc.courseid left join teacher as t on s.teacherid=t.id 
21:31:55,445 DEBUG findScheduleBySemester:145 : ==> Parameters: 1(String), 111111(String)
21:31:55,449 DEBUG findScheduleBySemester:145 : <==      Total: 1
21:32:16,710 DEBUG findScheduleBySemester:145 : ==>  Preparing: SELECT * FROM section as s inner join course as c inner join (SELECT * FROM scheduleofclasses WHERE semester = ?) as soc on s.courseid=c.courseid and s.teacherid=? and s.sectionid = soc.sectionid and c.courseid=soc.courseid left join teacher as t on s.teacherid=t.id 
21:32:16,711 DEBUG findScheduleBySemester:145 : ==> Parameters: 学期(String), 111111(String)
21:32:16,713 DEBUG findScheduleBySemester:145 : <==      Total: 0
21:32:19,535 DEBUG findScheduleBySemester:145 : ==>  Preparing: SELECT * FROM section as s inner join course as c inner join (SELECT * FROM scheduleofclasses WHERE semester = ?) as soc on s.courseid=c.courseid and s.teacherid=? and s.sectionid = soc.sectionid and c.courseid=soc.courseid left join teacher as t on s.teacherid=t.id 
21:32:19,538 DEBUG findScheduleBySemester:145 : ==> Parameters: 学期(String), 111111(String)
21:32:19,539 DEBUG findScheduleBySemester:145 : <==      Total: 0
21:32:22,628 DEBUG countAllCourse:145 : ==>  Preparing: SELECT count(*) FROM course 
21:32:22,628 DEBUG countAllCourse:145 : ==> Parameters: 
21:32:22,630 DEBUG countAllCourse:145 : <==      Total: 1
21:32:22,666 DEBUG findAll_COUNT:145 : ==>  Preparing: SELECT count(0) FROM course 
21:32:22,666 DEBUG findAll_COUNT:145 : ==> Parameters: 
21:32:22,667 DEBUG findAll_COUNT:145 : <==      Total: 1
21:32:22,669 DEBUG findAll:145 : ==>  Preparing: select * from course ORDER BY courseid asc LIMIT 3 
21:32:22,669 DEBUG findAll:145 : ==> Parameters: 
21:32:22,670 DEBUG findAll:145 : <==      Total: 3
21:32:23,422 DEBUG findScheduleBySemester:145 : ==>  Preparing: SELECT * FROM section as s inner join course as c inner join (SELECT * FROM scheduleofclasses WHERE semester = ?) as soc on s.courseid=c.courseid and s.teacherid=? and s.sectionid = soc.sectionid and c.courseid=soc.courseid left join teacher as t on s.teacherid=t.id 
21:32:23,423 DEBUG findScheduleBySemester:145 : ==> Parameters: 学期(String), 111111(String)
21:32:23,425 DEBUG findScheduleBySemester:145 : <==      Total: 0
21:32:27,109 DEBUG findScheduleBySemester:145 : ==>  Preparing: SELECT * FROM section as s inner join course as c inner join (SELECT * FROM scheduleofclasses WHERE semester = ?) as soc on s.courseid=c.courseid and s.teacherid=? and s.sectionid = soc.sectionid and c.courseid=soc.courseid left join teacher as t on s.teacherid=t.id 
21:32:27,110 DEBUG findScheduleBySemester:145 : ==> Parameters: 学期(String), 111111(String)
21:32:27,111 DEBUG findScheduleBySemester:145 : <==      Total: 0
21:32:29,786 DEBUG findScheduleBySemester:145 : ==>  Preparing: SELECT * FROM section as s inner join course as c inner join (SELECT * FROM scheduleofclasses WHERE semester = ?) as soc on s.courseid=c.courseid and s.teacherid=? and s.sectionid = soc.sectionid and c.courseid=soc.courseid left join teacher as t on s.teacherid=t.id 
21:32:29,787 DEBUG findScheduleBySemester:145 : ==> Parameters: 1(String), 111111(String)
21:32:29,788 DEBUG findScheduleBySemester:145 : <==      Total: 1
21:32:36,944 DEBUG findScheduleBySemester:145 : ==>  Preparing: SELECT * FROM section as s inner join course as c inner join (SELECT * FROM scheduleofclasses WHERE semester = ?) as soc on s.courseid=c.courseid and s.teacherid=? and s.sectionid = soc.sectionid and c.courseid=soc.courseid left join teacher as t on s.teacherid=t.id 
21:32:36,945 DEBUG findScheduleBySemester:145 : ==> Parameters: 2(String), 111111(String)
21:32:36,947 DEBUG findScheduleBySemester:145 : <==      Total: 0
21:32:38,592 DEBUG findScheduleBySemester:145 : ==>  Preparing: SELECT * FROM section as s inner join course as c inner join (SELECT * FROM scheduleofclasses WHERE semester = ?) as soc on s.courseid=c.courseid and s.teacherid=? and s.sectionid = soc.sectionid and c.courseid=soc.courseid left join teacher as t on s.teacherid=t.id 
21:32:38,593 DEBUG findScheduleBySemester:145 : ==> Parameters: 1(String), 111111(String)
21:32:38,596 DEBUG findScheduleBySemester:145 : <==      Total: 1
21:33:10,689 DEBUG countAllCourse:145 : ==>  Preparing: SELECT count(*) FROM course 
21:33:10,690 DEBUG countAllCourse:145 : ==> Parameters: 
21:33:10,691 DEBUG countAllCourse:145 : <==      Total: 1
21:33:10,693 DEBUG findAll_COUNT:145 : ==>  Preparing: SELECT count(0) FROM course 
21:33:10,694 DEBUG findAll_COUNT:145 : ==> Parameters: 
21:33:10,697 DEBUG findAll_COUNT:145 : <==      Total: 1
21:33:10,697 DEBUG findAll:145 : ==>  Preparing: select * from course ORDER BY courseid asc LIMIT 3 
21:33:10,698 DEBUG findAll:145 : ==> Parameters: 
21:33:10,699 DEBUG findAll:145 : <==      Total: 3
21:33:13,127 DEBUG findSectionByCourseId:145 : ==>  Preparing: SELECT * FROM section as s inner join (select * from Course where courseid=?) as c on s.courseid=c.courseid left join teacher as t on s.teacherid=t.id 
21:33:13,128 DEBUG findSectionByCourseId:145 : ==> Parameters: ABC-101(String)
21:33:13,131 DEBUG findSectionByCourseId:145 : <==      Total: 4
21:33:17,294 DEBUG findSectionByCourseId:145 : ==>  Preparing: SELECT * FROM section as s inner join (select * from Course where courseid=?) as c on s.courseid=c.courseid left join teacher as t on s.teacherid=t.id 
21:33:17,296 DEBUG findSectionByCourseId:145 : ==> Parameters: ABC-102(String)
21:33:17,297 DEBUG findSectionByCourseId:145 : <==      Total: 1
21:34:01,786 DEBUG findScheduleBySemester:145 : ==>  Preparing: SELECT * FROM section as s inner join course as c inner join (SELECT * FROM scheduleofclasses WHERE semester = ?) as soc on s.courseid=c.courseid and s.teacherid=? and s.sectionid = soc.sectionid and c.courseid=soc.courseid left join teacher as t on s.teacherid=t.id 
21:34:01,787 DEBUG findScheduleBySemester:145 : ==> Parameters: 1(String), 111111(String)
21:34:01,792 DEBUG findScheduleBySemester:145 : <==      Total: 2
21:35:36,556 DEBUG findScheduleBySemester:145 : ==>  Preparing: SELECT * FROM section as s inner join course as c inner join (SELECT * FROM scheduleofclasses WHERE semester = ?) as soc on s.courseid=c.courseid and s.teacherid=? and s.sectionid = soc.sectionid and c.courseid=soc.courseid left join teacher as t on s.teacherid=t.id 
21:35:36,557 DEBUG findScheduleBySemester:145 : ==> Parameters: 学期(String), 111111(String)
21:35:36,558 DEBUG findScheduleBySemester:145 : <==      Total: 0
21:35:37,953 DEBUG findScheduleBySemester:145 : ==>  Preparing: SELECT * FROM section as s inner join course as c inner join (SELECT * FROM scheduleofclasses WHERE semester = ?) as soc on s.courseid=c.courseid and s.teacherid=? and s.sectionid = soc.sectionid and c.courseid=soc.courseid left join teacher as t on s.teacherid=t.id 
21:35:37,954 DEBUG findScheduleBySemester:145 : ==> Parameters: 1(String), 111111(String)
21:35:37,959 DEBUG findScheduleBySemester:145 : <==      Total: 2
21:35:53,225 DEBUG countAllCourse:145 : ==>  Preparing: SELECT count(*) FROM course 
21:35:53,225 DEBUG countAllCourse:145 : ==> Parameters: 
21:35:53,227 DEBUG countAllCourse:145 : <==      Total: 1
21:35:53,228 DEBUG findAll_COUNT:145 : ==>  Preparing: SELECT count(0) FROM course 
21:35:53,229 DEBUG findAll_COUNT:145 : ==> Parameters: 
21:35:53,230 DEBUG findAll_COUNT:145 : <==      Total: 1
21:35:53,231 DEBUG findAll:145 : ==>  Preparing: select * from course ORDER BY courseid asc LIMIT 3 
21:35:53,232 DEBUG findAll:145 : ==> Parameters: 
21:35:53,235 DEBUG findAll:145 : <==      Total: 3
21:35:54,420 DEBUG countAllCourse:145 : ==>  Preparing: SELECT count(*) FROM course 
21:35:54,421 DEBUG countAllCourse:145 : ==> Parameters: 
21:35:54,422 DEBUG countAllCourse:145 : <==      Total: 1
21:35:54,424 DEBUG findAll_COUNT:145 : ==>  Preparing: SELECT count(0) FROM course 
21:35:54,425 DEBUG findAll_COUNT:145 : ==> Parameters: 
21:35:54,425 DEBUG findAll_COUNT:145 : <==      Total: 1
21:35:54,427 DEBUG findAll:145 : ==>  Preparing: select * from course ORDER BY courseid asc LIMIT 3 
21:35:54,427 DEBUG findAll:145 : ==> Parameters: 
21:35:54,430 DEBUG findAll:145 : <==      Total: 3
21:53:16,004 DEBUG findScheduleBySemester:145 : ==>  Preparing: SELECT * FROM section as s inner join course as c inner join (SELECT * FROM scheduleofclasses WHERE semester = ?) as soc on s.courseid=c.courseid and s.teacherid=? and s.sectionid = soc.sectionid and c.courseid=soc.courseid left join teacher as t on s.teacherid=t.id 
21:53:16,005 DEBUG findScheduleBySemester:145 : ==> Parameters: 2(String), 111111(String)
21:53:16,008 DEBUG findScheduleBySemester:145 : <==      Total: 1
21:53:23,834 DEBUG findScheduleBySemester:145 : ==>  Preparing: SELECT * FROM section as s inner join course as c inner join (SELECT * FROM scheduleofclasses WHERE semester = ?) as soc on s.courseid=c.courseid and s.teacherid=? and s.sectionid = soc.sectionid and c.courseid=soc.courseid left join teacher as t on s.teacherid=t.id 
21:53:23,835 DEBUG findScheduleBySemester:145 : ==> Parameters: 1(String), 111111(String)
21:53:23,838 DEBUG findScheduleBySemester:145 : <==      Total: 2
